G4BL_DIR=/Applications/G4beamline-3.08.app/Contents
LD_LIBRARY_PATH='/Applications/G4beamline-3.08.app/Contents/lib:'
G4LEDATA=/Users/sanjeevchauhan/Geant4Data/G4EMLOW8.0
G4ENSDFSTATEDATA=/Users/sanjeevchauhan/Geant4Data/G4ENSDFSTATE2.3
G4PARTICLEXSDATA=/Users/sanjeevchauhan/Geant4Data/G4PARTICLEXS4.0
G4LEVELGAMMADATA=/Users/sanjeevchauhan/Geant4Data/PhotonEvaporation5.7
G4RADIOACTIVEDATA=/Users/sanjeevchauhan/Geant4Data/RadioactiveDecay5.6
G4beamline Process ID 71445

*************************************************************
 g4beamline version: 3.08                        (Oct  8 2022)
                      Copyright : Tom Roberts, Muons, Inc.
                        License : Gnu Public License
                            WWW : http://g4beamline.muonsinc.com

          ################################
          !!! G4Backtrace is activated !!!
          ################################


**************************************************************
 Geant4 version Name: geant4-11-00-patch-02 [MT]   (25-May-2022)
                       Copyright : Geant4 Collaboration
                      References : NIM A 506 (2003), 250-303
                                 : IEEE-TNS 53 (2006), 270-278
                                 : NIM A 835 (2016), 186-225
                             WWW : http://geant4.org/
**************************************************************

param        viewer        best,1
geometry                   nPoints=100 printGeometry=0 visual=0
                           tolerance=0.002
G4PhysListFactory::GetReferencePhysList <QGSP_BERT>  EMoption= 0
<<< Geant4 Physics List simulation engine: QGSP_BERT


physics      QGSP_BERT     disable= inactivate= deactivate= doStochastics=1
                           fluct=1 minRangeCut=1 list=0 gammaToMuPair=0
                           spinTracking=0 synchrotronRadiation=0
                           synchrotronRadiationMuon=0 maxTime=1e+06
param        KE            10000.0
param        M             0.511
param        P             10000.511
beam    GAUSSIAN particle=e- nEvents=1000 firstEvent=-1 lastEvent=2147483647 beamX=0.0 beamY=0.0 beamZ=-3700000000000000000000.0 maxR=1000000.0 
		meanMomentum=10000.5 weight=1.000000 
		sigmaX=6.0 sigmaY=6.0 sigmaZ=0.0 sigmaXp=0.00010 sigmaYp=0.00010 
		sigmaP=0.0 sigmaT=0.000 meanXp=0.00000 meanYp=0.00000 meanT=0.000 
detector     Det           radius=50 innerRadius=0 height=100 width=100
                           length=15.8 maxStep=100 material=lXe birks=0
                           color=1,0,0 solid= noSingles=0 format=ASCII
                           filename= file= require= referenceParticle=0
                           coordinates=Local coord=Local kill=0 perTrack=0
place   Det     copies=1 x=0.0 y=0.0 z=1000.0 rename='Det#'
place   Det     copies=1 x=0.0 y=0.0 z=1015.8 rename='Det#'
place   Det     copies=1 x=0.0 y=0.0 z=1031.6 rename='Det#'
place   Det     copies=1 x=0.0 y=0.0 z=1047.4 rename='Det#'
place   Det     copies=1 x=0.0 y=0.0 z=1063.2 rename='Det#'
place   Det     copies=1 x=0.0 y=0.0 z=1079.0 rename='Det#'
place   Det     copies=1 x=0.0 y=0.0 z=1094.8 rename='Det#'
place   Det     copies=1 x=0.0 y=0.0 z=1110.6 rename='Det#'
place   Det     copies=1 x=0.0 y=0.0 z=1126.4 rename='Det#'
place   Det     copies=1 x=0.0 y=0.0 z=1142.2 rename='Det#'
place   Det     copies=1 x=0.0 y=0.0 z=1158.0 rename='Det#'

World size (before incrementing by 201.357 mm): 100.0 H  100.0 W  2331.8 L

PARAMETERS:
             KE=10000.0
              M=0.511
              P=10000.511
            Zcl=1165.9
     deltaChord=3.0
deltaIntersection=0.1
   deltaOneStep=0.01
         epsMax=0.05
         epsMin=2.5e-7
 eventTimeLimit=30
    fieldVoxels=200,200,200
      histoFile=g4beamline
    histoUpdate=0
        maxStep=100.0
        minStep=0.01
 steppingFormat=N GLOBAL CL KE STEP VOL PROCESS
steppingVerbose=0
         viewer=best,1
 wallClockLimit=-1
  worldMaterial=Vacuum
     zTolerance=2.0
Checking overlaps for volume Det1:0 (G4Tubs) ... OK! 
BLCMDdetector::Construct Det1 parent= relZ=1000.0 globZ=1000.0
Checking overlaps for volume Det2:0 (G4Tubs) ... OK! 
BLCMDdetector::Construct Det2 parent= relZ=1015.8 globZ=1015.8
Checking overlaps for volume Det3:0 (G4Tubs) ... OK! 
BLCMDdetector::Construct Det3 parent= relZ=1031.6 globZ=1031.6
Checking overlaps for volume Det4:0 (G4Tubs) ... OK! 
BLCMDdetector::Construct Det4 parent= relZ=1047.4 globZ=1047.4
Checking overlaps for volume Det5:0 (G4Tubs) ... OK! 
BLCMDdetector::Construct Det5 parent= relZ=1063.2 globZ=1063.2
Checking overlaps for volume Det6:0 (G4Tubs) ... OK! 
BLCMDdetector::Construct Det6 parent= relZ=1079.0 globZ=1079.0
Checking overlaps for volume Det7:0 (G4Tubs) ... OK! 
BLCMDdetector::Construct Det7 parent= relZ=1094.8 globZ=1094.8
Checking overlaps for volume Det8:0 (G4Tubs) ... OK! 
BLCMDdetector::Construct Det8 parent= relZ=1110.6 globZ=1110.6
Checking overlaps for volume Det9:0 (G4Tubs) ... OK! 
BLCMDdetector::Construct Det9 parent= relZ=1126.4 globZ=1126.4
Checking overlaps for volume Det10:0 (G4Tubs) ... OK! 
BLCMDdetector::Construct Det10 parent= relZ=1142.2 globZ=1142.2
Checking overlaps for volume Det11:0 (G4Tubs) ... OK! 
BLCMDdetector::Construct Det11 parent= relZ=1158.0 globZ=1158.0
### Adding tracking cuts for neutron  TimeCut(ns)= 10000  KinEnergyCut(MeV)= 0

Geometry test nPoints=100 tolerance=0.002 mm:
Testing geometry for children of group 'World':
Total geometry errors = 0  0 seconds

================== Prepare Visualization ==================
Stochastic processes are enabled.
Available UI session types: [ Qt, tcsh, csh ]
Visualization Manager instantiating with verbosity "warnings (3)"...
Visualization Manager initialising...
Registering graphics systems...

You have successfully registered the following graphics systems.
Registered graphics systems are:
  ASCIITree (ATree)
  DAWNFILE (DAWNFILE)
  G4HepRepFile (HepRepFile)
  RayTracer (RayTracer)
  VRML2FILE (VRML2FILE)
  gMocrenFile (gMocrenFile)
  OpenGLImmediateQt (OGLIQt, OGLI)
  OpenGLStoredQt (OGLSQt, OGL, OGLS)
  Qt3D (Qt3D)

Registering model factories...

You have successfully registered the following model factories.
Registered model factories:
  generic
  drawByAttribute
  drawByCharge
  drawByOriginVolume
  drawByParticleID
  drawByEncounteredVolume

Registered models:
  None

Registered filter factories:
  attributeFilter
  chargeFilter
  originVolumeFilter
  particleFilter
  encounteredVolumeFilter

Registered filters:
  None

You have successfully registered the following user vis actions.
Run Duration User Vis Actions: none
End of Event User Vis Actions: none
End of Run User Vis Actions: none

Some /vis commands (optionally) take a string to specify colour.
"/vis/list" to see available colours.

Selected visualization viewer: Qt
BLVisManager init: /vis/open OGLSQt
BLVisManager init: /vis/viewer/set/auxiliaryEdge true
BLVisManager init: /vis/viewer/set/style surface
BLVisManager init: /vis/viewer/set/viewpointThetaPhi 0 0 deg
BLVisManager init: /vis/drawVolume
BLVisManager init: /tracking/storeTrajectory 1
BLVisManager init: /vis/scene/add/trajectories
/tracking/storeTrajectory 1
Attributes available for modeling and filtering with
  "/vis/modeling/trajectories/create/drawByAttribute" and
  "/vis/filtering/trajectories/create/attributeFilter" commands:
G4TrajectoriesModel:
  Event ID (EventID): G4int
  Run ID (RunID): G4int
G4Trajectory:
  Charge (Ch): unit: e+ (G4double)
  Track ID (ID): G4int
  Initial kinetic energy (IKE): G4BestUnit (G4double)
  Initial momentum magnitude (IMag): G4BestUnit (G4double)
  Initial momentum (IMom): G4BestUnit (G4ThreeVector)
  No. of points (NTP): G4int
  PDG Encoding (PDG): G4int
  Parent ID (PID): G4int
  Particle Name (PN): G4String
G4TrajectoryPoint:
  Position (Pos): G4BestUnit (G4ThreeVector)
WARNING: Trajectory storing has been requested.  This action may be
  reversed with "/tracking/storeTrajectory 0".
BLVisManager init: /vis/scene/endOfEventAction accumulate -1
WARNING: The vis manager will keep an unlimited number of events.
  This may use a lot of memory.
  It may be changed with, e.g., "/vis/scene/endOfEventAction accumulate 10".
BLVisManager init: /vis/viewer/set/hiddenMarker true

WARNING: No extent set for user vis action "DrawMarkers".
WARNING: User Vis Action "DrawMarkers" extent is null.
 Changing export format to "jpg"
G4VisManager: Using G4TrajectoryDrawByCharge as fallback trajectory model.
See commands in /vis/modeling/trajectories/ for other options.
1 event has been kept for refreshing and/or reviewing.
  "/vis/reviewKeptEvents" to review them one by one.
  "/vis/enable", then "/vis/viewer/flush" or "/vis/viewer/rebuild" to see them accumulated.
